# JRE version: OpenJDK Runtime Environment (8.0_45-b14) (build 1.8.0_45-b14)
# Java VM: OpenJDK 64-Bit Server VM (25.45-b02 mixed mode linux-amd64 compressed oops)
Heap:
 par new generation   total 39296K, used 5771K [0x00000005cc000000, 0x00000005ceaa0000, 0x00000005f5990000)
  eden space 34944K,   4% used [0x00000005cc000000, 0x00000005cc162c98, 0x00000005ce220000)
  from space 4352K, 100% used [0x00000005ce660000, 0x00000005ceaa0000, 0x00000005ceaa0000)
  to   space 4352K,   0% used [0x00000005ce220000, 0x00000005ce220000, 0x00000005ce660000)
 concurrent mark-sweep generation total 2678460K, used 2480951K [0x00000005f5990000, 0x000000069913f000, 0x00000007c0000000)
 Metaspace       used 27782K, capacity 28332K, committed 28536K, reserved 1075200K
  class space    used 3251K, capacity 3388K, committed 3448K, reserved 1048576K
GC Heap History (10 events):
Event: 145.319 GC heap before
{Heap before GC invocations=3400 (full 14):
 par new generation   total 39296K, used 39296K [0x00000005cc000000, 0x00000005ceaa0000, 0x00000005f5990000)
  eden space 34944K, 100% used [0x00000005cc000000, 0x00000005ce220000, 0x00000005ce220000)
  from space 4352K, 100% used [0x00000005ce220000, 0x00000005ce660000, 0x00000005ce660000)
  to   space 4352K,   0% used [0x00000005ce660000, 0x00000005ce660000, 0x00000005ceaa0000)
 concurrent mark-sweep generation total 2678460K, used 2461125K [0x00000005f5990000, 0x000000069913f000, 0x00000007c0000000)
 Metaspace       used 27782K, capacity 28332K, committed 28536K, reserved 1075200K
  class space    used 3251K, capacity 3388K, committed 3448K, reserved 1048576K
Event: 145.330 GC heap after
Heap after GC invocations=3401 (full 14):
 par new generation   total 39296K, used 4352K [0x00000005cc000000, 0x00000005ceaa0000, 0x00000005f5990000)
  eden space 34944K,   0% used [0x00000005cc000000, 0x00000005cc000000, 0x00000005ce220000)
  from space 4352K, 100% used [0x00000005ce660000, 0x00000005ceaa0000, 0x00000005ceaa0000)
  to   space 4352K,   0% used [0x00000005ce220000, 0x00000005ce220000, 0x00000005ce660000)
 concurrent mark-sweep generation total 2678460K, used 2464996K [0x00000005f5990000, 0x000000069913f000, 0x00000007c0000000)
 Metaspace       used 27782K, capacity 28332K, committed 28536K, reserved 1075200K
  class space    used 3251K, capacity 3388K, committed 3448K, reserved 1048576K
}
Event: 145.379 GC heap before
{Heap before GC invocations=3401 (full 15):
 par new generation   total 39296K, used 39296K [0x00000005cc000000, 0x00000005ceaa0000, 0x00000005f5990000)
  eden space 34944K, 100% used [0x00000005cc000000, 0x00000005ce220000, 0x00000005ce220000)
  from space 4352K, 100% used [0x00000005ce660000, 0x00000005ceaa0000, 0x00000005ceaa0000)
  to   space 4352K,   0% used [0x00000005ce220000, 0x00000005ce220000, 0x00000005ce660000)
 concurrent mark-sweep generation total 2678460K, used 2464996K [0x00000005f5990000, 0x000000069913f000, 0x00000007c0000000)
 Metaspace       used 27782K, capacity 28332K, committed 28536K, reserved 1075200K
  class space    used 3251K, capacity 3388K, committed 3448K, reserved 1048576K
Event: 145.390 GC heap after
Heap after GC invocations=3402 (full 15):
 par new generation   total 39296K, used 4352K [0x00000005cc000000, 0x00000005ceaa0000, 0x00000005f5990000)
  eden space 34944K,   0% used [0x00000005cc000000, 0x00000005cc000000, 0x00000005ce220000)
  from space 4352K, 100% used [0x00000005ce220000, 0x00000005ce660000, 0x00000005ce660000)
  to   space 4352K,   0% used [0x00000005ce660000, 0x00000005ce660000, 0x00000005ceaa0000)
 concurrent mark-sweep generation total 2678460K, used 2468961K [0x00000005f5990000, 0x000000069913f000, 0x00000007c0000000)
 Metaspace       used 27782K, capacity 28332K, committed 28536K, reserved 1075200K
  class space    used 3251K, capacity 3388K, committed 3448K, reserved 1048576K
}
Event: 145.450 GC heap before
{Heap before GC invocations=3402 (full 15):
 par new generation   total 39296K, used 39296K [0x00000005cc000000, 0x00000005ceaa0000, 0x00000005f5990000)
  eden space 34944K, 100% used [0x00000005cc000000, 0x00000005ce220000, 0x00000005ce220000)
  from space 4352K, 100% used [0x00000005ce220000, 0x00000005ce660000, 0x00000005ce660000)
  to   space 4352K,   0% used [0x00000005ce660000, 0x00000005ce660000, 0x00000005ceaa0000)
 concurrent mark-sweep generation total 2678460K, used 2468961K [0x00000005f5990000, 0x000000069913f000, 0x00000007c0000000)
 Metaspace       used 27782K, capacity 28332K, committed 28536K, reserved 1075200K
  class space    used 3251K, capacity 3388K, committed 3448K, reserved 1048576K
Event: 145.460 GC heap after
Heap after GC invocations=3403 (full 15):
 par new generation   total 39296K, used 4352K [0x00000005cc000000, 0x00000005ceaa0000, 0x00000005f5990000)
  eden space 34944K,   0% used [0x00000005cc000000, 0x00000005cc000000, 0x00000005ce220000)
  from space 4352K, 100% used [0x00000005ce660000, 0x00000005ceaa0000, 0x00000005ceaa0000)
  to   space 4352K,   0% used [0x00000005ce220000, 0x00000005ce220000, 0x00000005ce660000)
 concurrent mark-sweep generation total 2678460K, used 2472813K [0x00000005f5990000, 0x000000069913f000, 0x00000007c0000000)
 Metaspace       used 27782K, capacity 28332K, committed 28536K, reserved 1075200K
  class space    used 3251K, capacity 3388K, committed 3448K, reserved 1048576K
}
Event: 145.503 GC heap before
{Heap before GC invocations=3403 (full 15):
 par new generation   total 39296K, used 39296K [0x00000005cc000000, 0x00000005ceaa0000, 0x00000005f5990000)
  eden space 34944K, 100% used [0x00000005cc000000, 0x00000005ce220000, 0x00000005ce220000)
  from space 4352K, 100% used [0x00000005ce660000, 0x00000005ceaa0000, 0x00000005ceaa0000)
  to   space 4352K,   0% used [0x00000005ce220000, 0x00000005ce220000, 0x00000005ce660000)
 concurrent mark-sweep generation total 2678460K, used 2472813K [0x00000005f5990000, 0x000000069913f000, 0x00000007c0000000)
 Metaspace       used 27782K, capacity 28332K, committed 28536K, reserved 1075200K
  class space    used 3251K, capacity 3388K, committed 3448K, reserved 1048576K
Event: 145.516 GC heap after
Heap after GC invocations=3404 (full 15):
 par new generation   total 39296K, used 4352K [0x00000005cc000000, 0x00000005ceaa0000, 0x00000005f5990000)
  eden space 34944K,   0% used [0x00000005cc000000, 0x00000005cc000000, 0x00000005ce220000)
  from space 4352K, 100% used [0x00000005ce220000, 0x00000005ce660000, 0x00000005ce660000)
  to   space 4352K,   0% used [0x00000005ce660000, 0x00000005ce660000, 0x00000005ceaa0000)
 concurrent mark-sweep generation total 2678460K, used 2476748K [0x00000005f5990000, 0x000000069913f000, 0x00000007c0000000)
 Metaspace       used 27782K, capacity 28332K, committed 28536K, reserved 1075200K
  class space    used 3251K, capacity 3388K, committed 3448K, reserved 1048576K
}
Event: 145.597 GC heap before
{Heap before GC invocations=3404 (full 15):
 par new generation   total 39296K, used 39296K [0x00000005cc000000, 0x00000005ceaa0000, 0x00000005f5990000)
  eden space 34944K, 100% used [0x00000005cc000000, 0x00000005ce220000, 0x00000005ce220000)
  from space 4352K, 100% used [0x00000005ce220000, 0x00000005ce660000, 0x00000005ce660000)
  to   space 4352K,   0% used [0x00000005ce660000, 0x00000005ce660000, 0x00000005ceaa0000)
 concurrent mark-sweep generation total 2678460K, used 2476748K [0x00000005f5990000, 0x000000069913f000, 0x00000007c0000000)
 Metaspace       used 27782K, capacity 28332K, committed 28536K, reserved 1075200K
  class space    used 3251K, capacity 3388K, committed 3448K, reserved 1048576K
Event: 145.647 GC heap after
Heap after GC invocations=3405 (full 15):
 par new generation   total 39296K, used 4352K [0x00000005cc000000, 0x00000005ceaa0000, 0x00000005f5990000)
  eden space 34944K,   0% used [0x00000005cc000000, 0x00000005cc000000, 0x00000005ce220000)
  from space 4352K, 100% used [0x00000005ce660000, 0x00000005ceaa0000, 0x00000005ceaa0000)
  to   space 4352K,   0% used [0x00000005ce220000, 0x00000005ce220000, 0x00000005ce660000)
 concurrent mark-sweep generation total 2678460K, used 2480952K [0x00000005f5990000, 0x000000069913f000, 0x00000007c0000000)
 Metaspace       used 27782K, capacity 28332K, committed 28536K, reserved 1075200K
  class space    used 3251K, capacity 3388K, committed 3448K, reserved 1048576K
}

